<?xml version="1.0" encoding="UTF-8"?>
<!-- Generated by org.testng.reporters.JUnitReportReporter -->
<testsuite hostname="Shubham" failures="0" tests="3" name="com.framework.YourStore.tests.LoginPageTest" time="6.792" errors="0" timestamp="2024-09-05T09:12:01 IST" skipped="0">
  <testcase classname="com.framework.YourStore.tests.LoginPageTest" name="navigateToLoginPageTest" time="0.994"/>
  <system-out/>
  <testcase classname="com.framework.YourStore.tests.LoginPageTest" name="urlTest" time="0.001"/>
  <system-out/>
  <testcase classname="com.framework.YourStore.tests.LoginPageTest" name="loginTest" time="5.797"/>
  <system-out/>
</testsuite> <!-- com.framework.YourStore.tests.LoginPageTest -->
