<?xml version="1.0" encoding="UTF-8"?>
<!-- Generated by org.testng.reporters.JUnitReportReporter -->
<testsuite hostname="Shubham" failures="0" tests="5" name="com.framework.YourStore.tests.HomepageTest" time="1.547" errors="0" timestamp="2024-09-05T07:53:37 IST" skipped="0">
  <testcase classname="com.framework.YourStore.tests.HomepageTest" name="urlTest" time="0.013"/>
  <system-out/>
  <testcase classname="com.framework.YourStore.tests.HomepageTest" name="titleTest" time="0.015"/>
  <system-out/>
  <testcase classname="com.framework.YourStore.tests.HomepageTest" name="searchTest" time="0.481"/>
  <system-out/>
  <testcase classname="com.framework.YourStore.tests.HomepageTest" name="searchTest" time="0.539"/>
  <system-out/>
  <testcase classname="com.framework.YourStore.tests.HomepageTest" name="searchTest" time="0.499"/>
  <system-out/>
</testsuite> <!-- com.framework.YourStore.tests.HomepageTest -->
