<?xml version="1.0" encoding="UTF-8"?>
<!-- Generated by org.testng.reporters.JUnitReportReporter -->
<testsuite hostname="Shubham" failures="0" tests="5" name="com.framework.YourStore.tests.HomepageTest" time="1.657" errors="0" timestamp="2024-09-09T12:34:03 IST" skipped="0">
  <testcase classname="com.framework.YourStore.tests.HomepageTest" name="urlTest" time="0.022"/>
  <testcase classname="com.framework.YourStore.tests.HomepageTest" name="titleTest" time="0.006"/>
  <testcase classname="com.framework.YourStore.tests.HomepageTest" name="searchTest" time="0.449"/>
  <testcase classname="com.framework.YourStore.tests.HomepageTest" name="searchTest" time="0.437"/>
  <testcase classname="com.framework.YourStore.tests.HomepageTest" name="searchTest" time="0.743"/>
</testsuite> <!-- com.framework.YourStore.tests.HomepageTest -->
