<?xml version="1.0" encoding="UTF-8"?>
<!-- Generated by org.testng.reporters.JUnitReportReporter -->
<testsuite hostname="Shubham" failures="0" tests="3" name="com.framework.YourStore.tests.LoginPageTest" time="5.416" errors="0" timestamp="2024-09-09T12:34:03 IST" skipped="0">
  <testcase classname="com.framework.YourStore.tests.LoginPageTest" name="navigateToLoginPageTest" time="0.604"/>
  <testcase classname="com.framework.YourStore.tests.LoginPageTest" name="urlTest" time="0.157"/>
  <testcase classname="com.framework.YourStore.tests.LoginPageTest" name="loginTest" time="4.655"/>
</testsuite> <!-- com.framework.YourStore.tests.LoginPageTest -->
