<?xml version="1.0" encoding="UTF-8"?>
<!-- Generated by org.testng.reporters.JUnitReportReporter -->
<testsuite hostname="Shubham" failures="0" tests="5" name="com.framework.YourStore.tests.HomepageTest" time="1.527" errors="0" timestamp="2024-09-05T07:59:12 IST" skipped="0">
  <testcase classname="com.framework.YourStore.tests.HomepageTest" name="urlTest" time="0.001"/>
  <testcase classname="com.framework.YourStore.tests.HomepageTest" name="titleTest" time="0.012"/>
  <testcase classname="com.framework.YourStore.tests.HomepageTest" name="searchTest" time="0.481"/>
  <testcase classname="com.framework.YourStore.tests.HomepageTest" name="searchTest" time="0.452"/>
  <testcase classname="com.framework.YourStore.tests.HomepageTest" name="searchTest" time="0.581"/>
</testsuite> <!-- com.framework.YourStore.tests.HomepageTest -->
